cl : command line warning D9035: option 'Gm' has been deprecated and will be removed in a future release
  stdafx.cpp
cl : command line warning D9035: option 'Gm' has been deprecated and will be removed in a future release
  Texture.cpp
  TerrainObject.cpp
D:\Projects\PhysicsEngine\NewTrainingFramework\TerrainObject.cpp(16,97): warning C4244: 'argument': conversion from 'int' to 'GLfloat', possible loss of data
D:\Projects\PhysicsEngine\NewTrainingFramework\TerrainObject.cpp(16,51): warning C4244: 'argument': conversion from 'int' to 'GLfloat', possible loss of data
D:\Projects\PhysicsEngine\NewTrainingFramework\TerrainObject.cpp(19,28): warning C4244: 'argument': conversion from 'int' to 'GLfloat', possible loss of data
D:\Projects\PhysicsEngine\NewTrainingFramework\TerrainObject.cpp(19,25): warning C4244: 'argument': conversion from 'int' to 'GLfloat', possible loss of data
D:\Projects\PhysicsEngine\NewTrainingFramework\TerrainObject.cpp(78,16): warning C4018: '<': signed/unsigned mismatch
D:\Projects\PhysicsEngine\NewTrainingFramework\TerrainObject.cpp(88,21): warning C4018: '<': signed/unsigned mismatch
D:\Projects\PhysicsEngine\NewTrainingFramework\TerrainObject.cpp(98,21): warning C4018: '<': signed/unsigned mismatch
D:\Projects\PhysicsEngine\NewTrainingFramework\TerrainObject.cpp(109,21): warning C4018: '<': signed/unsigned mismatch
D:\Projects\PhysicsEngine\NewTrainingFramework\TerrainObject.cpp(102,7): warning C4101: 'fdf': unreferenced local variable
D:\Projects\PhysicsEngine\NewTrainingFramework\TerrainObject.cpp(113,7): warning C4101: 'gddf': unreferenced local variable
  Skybox.cpp
  Shader.cpp
  SceneObject.cpp
D:\Projects\PhysicsEngine\NewTrainingFramework\SceneObject.cpp(167,20): warning C4018: '<': signed/unsigned mismatch
  SceneManager.cpp
D:\Projects\PhysicsEngine\NewTrainingFramework\SceneManager.cpp(488,12): warning C4244: 'argument': conversion from 'time_t' to 'unsigned int', possible loss of data
D:\Projects\PhysicsEngine\NewTrainingFramework\SceneManager.cpp(492,17): warning C4244: 'initializing': conversion from 'int' to 'float', possible loss of data
D:\Projects\PhysicsEngine\NewTrainingFramework\SceneManager.cpp(493,17): warning C4244: 'initializing': conversion from 'int' to 'float', possible loss of data
D:\Projects\PhysicsEngine\NewTrainingFramework\SceneManager.cpp(494,17): warning C4244: 'initializing': conversion from 'int' to 'float', possible loss of data
D:\Projects\PhysicsEngine\NewTrainingFramework\SceneManager.cpp(495,19): warning C4244: 'initializing': conversion from 'int' to 'float', possible loss of data
D:\Projects\PhysicsEngine\NewTrainingFramework\SceneManager.cpp(496,19): warning C4244: 'initializing': conversion from 'int' to 'float', possible loss of data
D:\Projects\PhysicsEngine\NewTrainingFramework\SceneManager.cpp(497,19): warning C4244: 'initializing': conversion from 'int' to 'float', possible loss of data
  ResourceManager.cpp
  Plane.cpp
D:\Projects\PhysicsEngine\NewTrainingFramework\Plane.cpp(14,33): warning C4244: 'initializing': conversion from 'double' to 'float', possible loss of data
  PhysicsObject.cpp
  PhysicsEngine.cpp
D:\Projects\PhysicsEngine\NewTrainingFramework\PhysicsEngine.cpp(40,20): warning C4018: '<': signed/unsigned mismatch
D:\Projects\PhysicsEngine\NewTrainingFramework\PhysicsEngine.cpp(42,23): warning C4018: '<': signed/unsigned mismatch
  NewTrainingFramework.cpp
  Model.cpp
  Light.cpp
  Fire.cpp
D:\Projects\PhysicsEngine\NewTrainingFramework\Fire.cpp(29,16): warning C4244: '=': conversion from 'clock_t' to 'float', possible loss of data
  Camera.cpp
D:\Projects\PhysicsEngine\NewTrainingFramework\Camera.cpp(29,37): warning C4244: 'argument': conversion from 'int' to 'GLfloat', possible loss of data
D:\Projects\PhysicsEngine\NewTrainingFramework\Camera.cpp(41,53): warning C4244: 'argument': conversion from 'int' to 'GLfloat', possible loss of data
D:\Projects\PhysicsEngine\NewTrainingFramework\Camera.cpp(50,55): warning C4244: 'argument': conversion from 'int' to 'GLfloat', possible loss of data
  SphereCollider.cpp
  Collider.cpp
  BoxCollider.cpp
  Generating Code...
D:\Projects\PhysicsEngine\NewTrainingFramework\SphereCollider.cpp(12): warning C4717: 'SphereCollider::IntersectSphereCollider': recursive on all control paths, function will cause runtime stack overflow
BoxCollider.obj : warning LNK4075: ignoring '/EDITANDCONTINUE' due to '/SAFESEH' specification
  NewTrainingFramework.vcxproj -> D:\Projects\PhysicsEngine\\BIN-Nvidia\NewTrainingFramework.exe
